<?xml version="1.0" encoding="UTF-8"?>
<!-- Generated by org.testng.reporters.JUnitXMLReporter -->
<testsuite ignored="0" hostname="DESKTOP-440KVED" failures="0" tests="0" time="0.14" errors="0" timestamp="2024-05-21T14:21:01 IST">
  <testcase classname="commonFunctions.Common_Functions" name="@BeforeSuite launchBrowser" time="0.245">
    <failure type="java.lang.NoSuchMethodError" message="&amp;apos;void org.openqa.selenium.remote.service.DriverFinder.&amp;lt;init&amp;gt;(org.openqa.selenium.remote.service.DriverService, org.openqa.selenium.Capabilities)&amp;apos;">
      <![CDATA[java.lang.NoSuchMethodError: 'void org.openqa.selenium.remote.service.DriverFinder.<init>(org.openqa.selenium.remote.service.DriverService, org.openqa.selenium.Capabilities)'
at org.openqa.selenium.chrome.ChromeDriver.generateExecutor(ChromeDriver.java:98)
at org.openqa.selenium.chrome.ChromeDriver.<init>(ChromeDriver.java:88)
at org.openqa.selenium.chrome.ChromeDriver.<init>(ChromeDriver.java:83)
at org.openqa.selenium.chrome.ChromeDriver.<init>(ChromeDriver.java:51)
at commonFunctions.Common_Functions.launchBrowser(Common_Functions.java:42)
... Removed 17 stack frames]]>
    </failure>
  </testcase> <!-- @BeforeSuite launchBrowser -->
</testsuite>
