<?xml version="1.0" encoding="UTF-8"?>
<!-- Generated by org.testng.reporters.JUnitXMLReporter -->
<testsuite ignored="0" hostname="DESKTOP-440KVED" failures="0" tests="6" name="Verify Add all add to cart testcase" time="1.55" errors="0" timestamp="2024-05-26T23:34:57 IST">
  <testcase classname="testCases.Verify_Add_ALl_Items_Testcase" name="addAllIteams" time="0.388"/>
  <testcase classname="testCases.Verify_Add_ALl_Items_Testcase" name="add2nditeam" time="0.362"/>
  <testcase classname="testCases.Verify_Add_ALl_Items_Testcase" name="add3rdIteam" time="0.242"/>
  <testcase classname="testCases.Verify_Add_ALl_Items_Testcase" name="add4thIteam" time="0.18"/>
  <testcase classname="testCases.Verify_Add_ALl_Items_Testcase" name="add5thIteam" time="0.14"/>
  <testcase classname="testCases.Verify_Add_ALl_Items_Testcase" name="add6thIteam" time="0.123"/>
</testsuite> <!-- Verify Add all add to cart testcase -->
