<?xml version="1.0" encoding="UTF-8"?>
<!-- Generated by org.testng.reporters.JUnitXMLReporter -->
<testsuite ignored="0" hostname="DESKTOP-440KVED" failures="0" tests="8" name="Verify LogOut testcase" time="1.455" errors="0" timestamp="2024-05-26T23:35:21 IST">
  <testcase classname="testCases.Verify_Logout_Testcase" name="add1stIteams" time="0.152"/>
  <testcase classname="testCases.Verify_Logout_Testcase" name="add2nditeam" time="0.178"/>
  <testcase classname="testCases.Verify_Logout_Testcase" name="add3rdIteam" time="0.117"/>
  <testcase classname="testCases.Verify_Logout_Testcase" name="add4thIteam" time="0.157"/>
  <testcase classname="testCases.Verify_Logout_Testcase" name="add5thIteam" time="0.123"/>
  <testcase classname="testCases.Verify_Logout_Testcase" name="add6thIteam" time="0.13"/>
  <testcase classname="testCases.Verify_Logout_Testcase" name="resetApp" time="0.301"/>
  <testcase classname="testCases.Verify_Logout_Testcase" name="clickLogout" time="0.184"/>
</testsuite> <!-- Verify LogOut testcase -->
