<?xml version="1.0" encoding="UTF-8"?>
<!-- Generated by org.testng.reporters.JUnitXMLReporter -->
<testsuite ignored="0" hostname="DESKTOP-440KVED" failures="0" tests="2" name="Verify Checkout Information testcase" time="1.548" errors="0" timestamp="2024-05-26T23:35:00 IST">
  <testcase classname="testCases.Verify_Checkout_Information_Testcase" name="checkoutInformation" time="0.156"/>
  <testcase classname="testCases.Verify_Checkout_Information_Testcase" name="fillCheckoutInformation" time="1.376"/>
</testsuite> <!-- Verify Checkout Information testcase -->
