<?xml version="1.0" encoding="UTF-8"?>
<!-- Generated by org.testng.reporters.JUnitXMLReporter -->
<testsuite ignored="0" hostname="DESKTOP-440KVED" failures="0" tests="2" name="Verify Menubutton testcase" time="20.411" errors="0" timestamp="2024-05-26T23:35:20 IST">
  <testcase classname="testCases.Verify_Menubutton_Testcase" name="menuButton" time="0.177"/>
  <testcase classname="testCases.Verify_Menubutton_Testcase" name="clickAbout" time="20.177"/>
</testsuite> <!-- Verify Menubutton testcase -->
