<?xml version="1.0" encoding="UTF-8"?>
<!-- Generated by org.testng.reporters.JUnitXMLReporter -->
<testsuite ignored="0" hostname="DESKTOP-440KVED" failures="1" tests="1" name="Verify Fillter testcase" time="0.413" errors="0" timestamp="2024-05-23T13:35:53 IST">
  <testcase classname="testCases.TC_003_Verify_Fillter" name="clickFillterIcon" time="0.354">
    <failure type="java.lang.NullPointerException" message="Cannot invoke &amp;quot;org.openqa.selenium.WebElement.getTagName()&amp;quot; because &amp;quot;element&amp;quot; is null">
      <![CDATA[java.lang.NullPointerException: Cannot invoke "org.openqa.selenium.WebElement.getTagName()" because "element" is null
at org.openqa.selenium.support.ui.Select.<init>(Select.java:43)
at testCases.TC_003_Verify_Fillter.clickFillterIcon(TC_003_Verify_Fillter.java:19)
at java.base/java.util.ArrayList.forEach(ArrayList.java:1596)
... Removed 25 stack frames]]>
    </failure>
  </testcase> <!-- clickFillterIcon -->
</testsuite> <!-- Verify Fillter testcase -->
