<?xml version="1.0" encoding="UTF-8"?>
<!-- Generated by org.testng.reporters.JUnitXMLReporter -->
<testsuite ignored="0" hostname="DESKTOP-440KVED" failures="0" tests="1" name="Verify Login Page" time="0.094" errors="0" timestamp="2024-05-21T16:47:35 IST">
  <testcase classname="commonFunctions.Common_Functions" name="@BeforeSuite launchBrowser" time="0.041">
    <failure type="java.lang.NullPointerException" message="Cannot invoke &amp;quot;java.util.Properties.getProperty(String)&amp;quot; because &amp;quot;commonFunctions.Common_Functions.properties&amp;quot; is null">
      <![CDATA[java.lang.NullPointerException: Cannot invoke "java.util.Properties.getProperty(String)" because "commonFunctions.Common_Functions.properties" is null
at commonFunctions.Common_Functions.launchBrowser(Common_Functions.java:31)
... Removed 17 stack frames]]>
    </failure>
  </testcase> <!-- @BeforeSuite launchBrowser -->
  <testcase classname="testCases.TC_001_Verify_Login" name="loginPage" time="0.0">
    <skipped/>
  </testcase> <!-- loginPage -->
</testsuite> <!-- Verify Login Page -->
