<?xml version="1.0" encoding="UTF-8"?>
<!-- Generated by org.testng.reporters.JUnitXMLReporter -->
<testsuite ignored="0" hostname="DESKTOP-440KVED" failures="0" tests="6" name="Verify Remove all Items testcase" time="0.874" errors="0" timestamp="2024-05-26T23:34:58 IST">
  <testcase classname="testCases.Verify_Remove_All_Items_Testcase" name="removeItem1" time="0.146"/>
  <testcase classname="testCases.Verify_Remove_All_Items_Testcase" name="removeItem2" time="0.125"/>
  <testcase classname="testCases.Verify_Remove_All_Items_Testcase" name="removeItem3" time="0.146"/>
  <testcase classname="testCases.Verify_Remove_All_Items_Testcase" name="removeItem4" time="0.116"/>
  <testcase classname="testCases.Verify_Remove_All_Items_Testcase" name="removeItem5" time="0.134"/>
  <testcase classname="testCases.Verify_Remove_All_Items_Testcase" name="removeItem6" time="0.099"/>
</testsuite> <!-- Verify Remove all Items testcase -->
